<?xml version="1.0" encoding="UTF-8"?>
<coverage generated="1722925307383" clover="3.2.0">
  <project timestamp="1722925307384" name="All files">
    <metrics statements="24" coveredstatements="24" conditionals="13" coveredconditionals="13" methods="3" coveredmethods="3" elements="40" coveredelements="40" complexity="0" loc="24" ncloc="24" packages="1" files="1" classes="1"/>
    <file name="basic.js" path="C:\Users\rizky\Documents\10.nextjs\16.vitest\function-test\src\basic.js">
      <metrics statements="24" coveredstatements="24" conditionals="13" coveredconditionals="13" methods="3" coveredmethods="3"/>
      <line num="1" count="1" type="cond" truecount="1" falsecount="0"/>
      <line num="2" count="2" type="stmt"/>
      <line num="3" count="2" type="stmt"/>
      <line num="4" count="1" type="stmt"/>
      <line num="5" count="1" type="cond" truecount="1" falsecount="0"/>
      <line num="6" count="4" type="stmt"/>
      <line num="7" count="4" type="cond" truecount="1" falsecount="0"/>
      <line num="8" count="3" type="cond" truecount="1" falsecount="0"/>
      <line num="9" count="4" type="cond" truecount="1" falsecount="0"/>
      <line num="10" count="1" type="stmt"/>
      <line num="11" count="4" type="cond" truecount="2" falsecount="0"/>
      <line num="12" count="1" type="stmt"/>
      <line num="13" count="1" type="stmt"/>
      <line num="14" count="1" type="stmt"/>
      <line num="15" count="1" type="stmt"/>
      <line num="16" count="4" type="stmt"/>
      <line num="17" count="1" type="stmt"/>
      <line num="18" count="1" type="cond" truecount="1" falsecount="0"/>
      <line num="19" count="384" type="cond" truecount="1" falsecount="0"/>
      <line num="20" count="384" type="cond" truecount="3" falsecount="0"/>
      <line num="21" count="378" type="cond" truecount="1" falsecount="0"/>
      <line num="22" count="384" type="stmt"/>
      <line num="23" count="1" type="stmt"/>
      <line num="24" count="1" type="stmt"/>
    </file>
  </project>
</coverage>
